Element 
 - 2 

Element  - 2 

Element   - 106 

Element , - 5 

Element . - 11 

Element 0 - 1 

Element 2 - 1 

Element b - 3 

Element c - 5 

Element d - 2 

Element e - 3 

Element f - 2 

Element g - 1 

Element h - 27 

Element i - 11 

Element j - 24 

Element k - 22 

Element l - 75 

Element m - 9 

Element n - 16 

Element o - 34 

Element p - 46 

Element q - 3 

Element r - 6 

Element s - 12 

Element t - 30 

Element u - 56 

Element v - 7 

Element w - 4 

Element y - 30 

Element z - 21 

Element ß - 3 

Element ä - 29 

Element ö - 22 

Element ü - 2 

