Element 
 - 2 

Element  - 2 

Element   - 106 

Element , - 5 

Element . - 11 

Element 0 - 1 

Element 2 - 1 

Element a - 75 

Element b - 56 

Element c - 46 

Element d - 16 

Element e - 5 

Element f - 30 

Element g - 2 

Element h - 27 

Element i - 3 

Element j - 11 

Element k - 24 

Element l - 22 

Element m - 1 

Element n - 2 

Element o - 9 

Element p - 34 

Element q - 3 

Element r - 6 

Element s - 12 

Element t - 7 

Element u - 4 

Element w - 30 

Element x - 21 

Element y - 29 

Element z - 22 

Element ß - 3 

Element ä - 2 

Element ö - 3 

