Element 
 - 3 

Element  - 3 

Element   - 106 

Element , - 5 

Element . - 11 

Element 0 - 1 

Element 2 - 1 

Element a - 27 

Element b - 11 

Element c - 24 

Element d - 22 

Element e - 75 

Element f - 9 

Element g - 16 

Element h - 34 

Element i - 46 

Element j - 3 

Element k - 6 

Element l - 12 

Element m - 30 

Element n - 56 

Element o - 7 

Element p - 4 

Element r - 30 

Element s - 21 

Element t - 29 

Element u - 22 

Element v - 2 

Element w - 3 

Element y - 3 

Element z - 5 

Element ß - 1 

Element ä - 2 

Element ö - 3 

Element ü - 2 

